<?xml version="1.0" encoding="UTF-8"?>
<!-- Generated by org.testng.reporters.JUnitXMLReporter -->
<testsuite hostname="ULTRA" ignored="0" name="Test" tests="1" failures="1" timestamp="2023-01-26T20:39:23 IST" time="0.06" errors="0">
  <testcase name="create" time="0.013" classname="Practice.HardAssert">
    <failure type="java.lang.AssertionError" message="expected [ShobhaRani] but found [shobha]">
      <![CDATA[java.lang.AssertionError: expected [ShobhaRani] but found [shobha]
at Practice.HardAssert.create(HardAssert.java:29)
at java.util.ArrayList.forEach(Unknown Source)
... Removed 33 stack frames]]>
    </failure>
  </testcase> <!-- create -->
</testsuite> <!-- Test -->
